Determining if the pthread_create exist failed with the following output:
Change Dir: /home/sishubin/桌面/sirius_to_std_ws/build/CMakeFiles/CMakeTmp

Run Build Command:"/usr/bin/make" "cmTC_0a6af/fast"
/usr/bin/make -f CMakeFiles/cmTC_0a6af.dir/build.make CMakeFiles/cmTC_0a6af.dir/build
make[1]: 进入目录“/home/sishubin/桌面/sirius_to_std_ws/build/CMakeFiles/CMakeTmp”
Building C object CMakeFiles/cmTC_0a6af.dir/CheckSymbolExists.c.o
/usr/bin/cc    -o CMakeFiles/cmTC_0a6af.dir/CheckSymbolExists.c.o   -c /home/sishubin/桌面/sirius_to_std_ws/build/CMakeFiles/CMakeTmp/CheckSymbolExists.c
Linking C executable cmTC_0a6af
/usr/local/lib/python2.7/dist-packages/cmake/data/bin/cmake -E cmake_link_script CMakeFiles/cmTC_0a6af.dir/link.txt --verbose=1
/usr/bin/cc      -rdynamic CMakeFiles/cmTC_0a6af.dir/CheckSymbolExists.c.o  -o cmTC_0a6af 
CMakeFiles/cmTC_0a6af.dir/CheckSymbolExists.c.o：在函数‘main’中：
CheckSymbolExists.c:(.text+0x1b)：对‘pthread_create’未定义的引用
collect2: error: ld returned 1 exit status
CMakeFiles/cmTC_0a6af.dir/build.make:86: recipe for target 'cmTC_0a6af' failed
make[1]: *** [cmTC_0a6af] Error 1
make[1]: 离开目录“/home/sishubin/桌面/sirius_to_std_ws/build/CMakeFiles/CMakeTmp”
Makefile:121: recipe for target 'cmTC_0a6af/fast' failed
make: *** [cmTC_0a6af/fast] Error 2

File /home/sishubin/桌面/sirius_to_std_ws/build/CMakeFiles/CMakeTmp/CheckSymbolExists.c:
/* */
#include <pthread.h>

int main(int argc, char** argv)
{
  (void)argv;
#ifndef pthread_create
  return ((int*)(&pthread_create))[argc];
#else
  (void)argc;
  return 0;
#endif
}

Determining if the function pthread_create exists in the pthreads failed with the following output:
Change Dir: /home/sishubin/桌面/sirius_to_std_ws/build/CMakeFiles/CMakeTmp

Run Build Command:"/usr/bin/make" "cmTC_d61f2/fast"
/usr/bin/make -f CMakeFiles/cmTC_d61f2.dir/build.make CMakeFiles/cmTC_d61f2.dir/build
make[1]: 进入目录“/home/sishubin/桌面/sirius_to_std_ws/build/CMakeFiles/CMakeTmp”
Building C object CMakeFiles/cmTC_d61f2.dir/CheckFunctionExists.c.o
/usr/bin/cc   -DCHECK_FUNCTION_EXISTS=pthread_create   -o CMakeFiles/cmTC_d61f2.dir/CheckFunctionExists.c.o   -c /usr/local/lib/python2.7/dist-packages/cmake/data/share/cmake-3.12/Modules/CheckFunctionExists.c
Linking C executable cmTC_d61f2
/usr/local/lib/python2.7/dist-packages/cmake/data/bin/cmake -E cmake_link_script CMakeFiles/cmTC_d61f2.dir/link.txt --verbose=1
/usr/bin/cc  -DCHECK_FUNCTION_EXISTS=pthread_create    -rdynamic CMakeFiles/cmTC_d61f2.dir/CheckFunctionExists.c.o  -o cmTC_d61f2 -lpthreads 
/usr/bin/ld: 找不到 -lpthreads
collect2: error: ld returned 1 exit status
CMakeFiles/cmTC_d61f2.dir/build.make:86: recipe for target 'cmTC_d61f2' failed
make[1]: *** [cmTC_d61f2] Error 1
make[1]: 离开目录“/home/sishubin/桌面/sirius_to_std_ws/build/CMakeFiles/CMakeTmp”
Makefile:121: recipe for target 'cmTC_d61f2/fast' failed
make: *** [cmTC_d61f2/fast] Error 2


